<testsuites id="" name="" tests="3" failures="3" skipped="0" errors="0" time="9.134358">
<testsuite name="visual/visual-regression.spec.ts" timestamp="2025-10-31T18:57:01.769Z" hostname="chromium" tests="1" failures="1" skipped="0" time="2.876" errors="0">
<testcase name="mock visual test @visual" classname="visual/visual-regression.spec.ts" time="2.876">
<failure message="visual-regression.spec.ts:3:1 mock visual test @visual" type="FAILURE">
<![CDATA[  [chromium] › visual/visual-regression.spec.ts:3:1 › mock visual test @visual ─────────────────────

    Error: A snapshot doesn't exist at /Users/ghogue/Library/CloudStorage/OneDrive-InsightfulOutcomes,LLC/IS-LTD/APPS/CaliberVault/src/test/visual/visual-regression.spec.ts-snapshots/mock-red-box-chromium-darwin.png, writing actual.

      3 | test('mock visual test @visual', async ({ page }) => {
      4 |   await page.goto('data:text/html,<div style="background:red;width:100px;height:100px">Red Box</div>');
    > 5 |   await expect(page).toHaveScreenshot('mock-red-box.png');
        |   ^
      6 | });
      7 |
        at /Users/ghogue/Library/CloudStorage/OneDrive-InsightfulOutcomes,LLC/IS-LTD/APPS/CaliberVault/src/test/visual/visual-regression.spec.ts:5:3

    attachment #1: mock-red-box (image/png) ────────────────────────────────────────────────────────
    Expected: visual/visual-regression.spec.ts-snapshots/mock-red-box-chromium-darwin.png
    Received: ../../test-results/visual-visual-regression-mock-visual-test-visual-chromium/mock-red-box-actual.png
    ────────────────────────────────────────────────────────────────────────────────────────────────

    Error Context: ../../test-results/visual-visual-regression-mock-visual-test-visual-chromium/error-context.md
]]>
</failure>
<system-out>
<![CDATA[
[[ATTACHMENT|../src/test/visual/visual-regression.spec.ts-snapshots/mock-red-box-chromium-darwin.png]]

[[ATTACHMENT|visual-visual-regression-mock-visual-test-visual-chromium/mock-red-box-actual.png]]

[[ATTACHMENT|visual-visual-regression-mock-visual-test-visual-chromium/error-context.md]]
]]>
</system-out>
</testcase>
</testsuite>
<testsuite name="visual/visual-regression.spec.ts" timestamp="2025-10-31T18:57:01.769Z" hostname="firefox" tests="1" failures="1" skipped="0" time="0.894" errors="0">
<testcase name="mock visual test @visual" classname="visual/visual-regression.spec.ts" time="0.894">
<failure message="visual-regression.spec.ts:3:1 mock visual test @visual" type="FAILURE">
<![CDATA[  [firefox] › visual/visual-regression.spec.ts:3:1 › mock visual test @visual ──────────────────────

    Error: A snapshot doesn't exist at /Users/ghogue/Library/CloudStorage/OneDrive-InsightfulOutcomes,LLC/IS-LTD/APPS/CaliberVault/src/test/visual/visual-regression.spec.ts-snapshots/mock-red-box-firefox-darwin.png, writing actual.

      3 | test('mock visual test @visual', async ({ page }) => {
      4 |   await page.goto('data:text/html,<div style="background:red;width:100px;height:100px">Red Box</div>');
    > 5 |   await expect(page).toHaveScreenshot('mock-red-box.png');
        |   ^
      6 | });
      7 |
        at /Users/ghogue/Library/CloudStorage/OneDrive-InsightfulOutcomes,LLC/IS-LTD/APPS/CaliberVault/src/test/visual/visual-regression.spec.ts:5:3

    attachment #1: mock-red-box (image/png) ────────────────────────────────────────────────────────
    Expected: visual/visual-regression.spec.ts-snapshots/mock-red-box-firefox-darwin.png
    Received: ../../test-results/visual-visual-regression-mock-visual-test-visual-firefox/mock-red-box-actual.png
    ────────────────────────────────────────────────────────────────────────────────────────────────

    Error Context: ../../test-results/visual-visual-regression-mock-visual-test-visual-firefox/error-context.md
]]>
</failure>
<system-out>
<![CDATA[
[[ATTACHMENT|../src/test/visual/visual-regression.spec.ts-snapshots/mock-red-box-firefox-darwin.png]]

[[ATTACHMENT|visual-visual-regression-mock-visual-test-visual-firefox/mock-red-box-actual.png]]

[[ATTACHMENT|visual-visual-regression-mock-visual-test-visual-firefox/error-context.md]]
]]>
</system-out>
</testcase>
</testsuite>
<testsuite name="visual/visual-regression.spec.ts" timestamp="2025-10-31T18:57:01.769Z" hostname="webkit" tests="1" failures="1" skipped="0" time="0.915" errors="0">
<testcase name="mock visual test @visual" classname="visual/visual-regression.spec.ts" time="0.915">
<failure message="visual-regression.spec.ts:3:1 mock visual test @visual" type="FAILURE">
<![CDATA[  [webkit] › visual/visual-regression.spec.ts:3:1 › mock visual test @visual ───────────────────────

    Error: A snapshot doesn't exist at /Users/ghogue/Library/CloudStorage/OneDrive-InsightfulOutcomes,LLC/IS-LTD/APPS/CaliberVault/src/test/visual/visual-regression.spec.ts-snapshots/mock-red-box-webkit-darwin.png, writing actual.

      3 | test('mock visual test @visual', async ({ page }) => {
      4 |   await page.goto('data:text/html,<div style="background:red;width:100px;height:100px">Red Box</div>');
    > 5 |   await expect(page).toHaveScreenshot('mock-red-box.png');
        |   ^
      6 | });
      7 |
        at /Users/ghogue/Library/CloudStorage/OneDrive-InsightfulOutcomes,LLC/IS-LTD/APPS/CaliberVault/src/test/visual/visual-regression.spec.ts:5:3

    attachment #1: mock-red-box (image/png) ────────────────────────────────────────────────────────
    Expected: visual/visual-regression.spec.ts-snapshots/mock-red-box-webkit-darwin.png
    Received: ../../test-results/visual-visual-regression-mock-visual-test-visual-webkit/mock-red-box-actual.png
    ────────────────────────────────────────────────────────────────────────────────────────────────

    Error Context: ../../test-results/visual-visual-regression-mock-visual-test-visual-webkit/error-context.md
]]>
</failure>
<system-out>
<![CDATA[
[[ATTACHMENT|../src/test/visual/visual-regression.spec.ts-snapshots/mock-red-box-webkit-darwin.png]]

[[ATTACHMENT|visual-visual-regression-mock-visual-test-visual-webkit/mock-red-box-actual.png]]

[[ATTACHMENT|visual-visual-regression-mock-visual-test-visual-webkit/error-context.md]]
]]>
</system-out>
</testcase>
</testsuite>
</testsuites>