{"numTotalTestSuites":76,"numPassedTestSuites":0,"numFailedTestSuites":76,"numPendingTestSuites":0,"numTotalTests":0,"numPassedTests":0,"numFailedTests":0,"numPendingTests":0,"numTodoTests":0,"snapshot":{"added":0,"failure":false,"filesAdded":0,"filesRemoved":0,"filesRemovedList":[],"filesUnmatched":0,"filesUpdated":0,"matched":0,"total":0,"unchecked":0,"uncheckedKeysByFile":[],"unmatched":0,"updated":0,"didUpdate":false},"startTime":1762128779000,"success":false,"testResults":[{"assertionResults":[],"startTime":1762128779000,"endTime":1762128779000,"status":"failed","message":"Transform failed with 1 error:\n/Users/ghogue/Library/CloudStorage/OneDrive-InsightfulOutcomes,LLC/IS-LTD/APPS/CaliberVaultII/src/test/setup.ts:242:0: ERROR: Unexpected \"}\"","name":"/Users/ghogue/Library/CloudStorage/OneDrive-InsightfulOutcomes,LLC/IS-LTD/APPS/CaliberVaultII/src/components/__tests__/AIValuationModal.test.tsx"},{"assertionResults":[],"startTime":1762128779000,"endTime":1762128779000,"status":"failed","message":"Transform failed with 1 error:\n/Users/ghogue/Library/CloudStorage/OneDrive-InsightfulOutcomes,LLC/IS-LTD/APPS/CaliberVaultII/src/test/setup.ts:242:0: ERROR: Unexpected \"}\"","name":"/Users/ghogue/Library/CloudStorage/OneDrive-InsightfulOutcomes,LLC/IS-LTD/APPS/CaliberVaultII/src/components/__tests__/AddItemModal.enhanced.test.tsx"},{"assertionResults":[],"startTime":1762128779000,"endTime":1762128779000,"status":"failed","message":"Transform failed with 1 error:\n/Users/ghogue/Library/CloudStorage/OneDrive-InsightfulOutcomes,LLC/IS-LTD/APPS/CaliberVaultII/src/test/setup.ts:242:0: ERROR: Unexpected \"}\"","name":"/Users/ghogue/Library/CloudStorage/OneDrive-InsightfulOutcomes,LLC/IS-LTD/APPS/CaliberVaultII/src/components/__tests__/AddItemModal.test.tsx"},{"assertionResults":[],"startTime":1762128779000,"endTime":1762128779000,"status":"failed","message":"Transform failed with 1 error:\n/Users/ghogue/Library/CloudStorage/OneDrive-InsightfulOutcomes,LLC/IS-LTD/APPS/CaliberVaultII/src/test/setup.ts:242:0: ERROR: Unexpected \"}\"","name":"/Users/ghogue/Library/CloudStorage/OneDrive-InsightfulOutcomes,LLC/IS-LTD/APPS/CaliberVaultII/src/components/__tests__/DatabaseMigrationSystem.test.tsx"},{"assertionResults":[],"startTime":1762128779000,"endTime":1762128779000,"status":"failed","message":"Transform failed with 1 error:\n/Users/ghogue/Library/CloudStorage/OneDrive-InsightfulOutcomes,LLC/IS-LTD/APPS/CaliberVaultII/src/test/setup.ts:242:0: ERROR: Unexpected \"}\"","name":"/Users/ghogue/Library/CloudStorage/OneDrive-InsightfulOutcomes,LLC/IS-LTD/APPS/CaliberVaultII/src/components/__tests__/EnhancedBulkImport.test.tsx"},{"assertionResults":[],"startTime":1762128779000,"endTime":1762128779000,"status":"failed","message":"Transform failed with 1 error:\n/Users/ghogue/Library/CloudStorage/OneDrive-InsightfulOutcomes,LLC/IS-LTD/APPS/CaliberVaultII/src/test/setup.ts:242:0: ERROR: Unexpected \"}\"","name":"/Users/ghogue/Library/CloudStorage/OneDrive-InsightfulOutcomes,LLC/IS-LTD/APPS/CaliberVaultII/src/components/__tests__/FeedbackSystem.test.tsx"},{"assertionResults":[],"startTime":1762128779000,"endTime":1762128779000,"status":"failed","message":"Transform failed with 1 error:\n/Users/ghogue/Library/CloudStorage/OneDrive-InsightfulOutcomes,LLC/IS-LTD/APPS/CaliberVaultII/src/test/setup.ts:242:0: ERROR: Unexpected \"}\"","name":"/Users/ghogue/Library/CloudStorage/OneDrive-InsightfulOutcomes,LLC/IS-LTD/APPS/CaliberVaultII/src/components/__tests__/FilterPanel.test.tsx"},{"assertionResults":[],"startTime":1762128779000,"endTime":1762128779000,"status":"failed","message":"Transform failed with 1 error:\n/Users/ghogue/Library/CloudStorage/OneDrive-InsightfulOutcomes,LLC/IS-LTD/APPS/CaliberVaultII/src/test/setup.ts:242:0: ERROR: Unexpected \"}\"","name":"/Users/ghogue/Library/CloudStorage/OneDrive-InsightfulOutcomes,LLC/IS-LTD/APPS/CaliberVaultII/src/components/__tests__/InventoryOperations.test.tsx"},{"assertionResults":[],"startTime":1762128779000,"endTime":1762128779000,"status":"failed","message":"Transform failed with 1 error:\n/Users/ghogue/Library/CloudStorage/OneDrive-InsightfulOutcomes,LLC/IS-LTD/APPS/CaliberVaultII/src/test/setup.ts:242:0: ERROR: Unexpected \"}\"","name":"/Users/ghogue/Library/CloudStorage/OneDrive-InsightfulOutcomes,LLC/IS-LTD/APPS/CaliberVaultII/src/components/__tests__/ItemCard.test.tsx"},{"assertionResults":[],"startTime":1762128779000,"endTime":1762128779000,"status":"failed","message":"Transform failed with 1 error:\n/Users/ghogue/Library/CloudStorage/OneDrive-InsightfulOutcomes,LLC/IS-LTD/APPS/CaliberVaultII/src/test/setup.ts:242:0: ERROR: Unexpected \"}\"","name":"/Users/ghogue/Library/CloudStorage/OneDrive-InsightfulOutcomes,LLC/IS-LTD/APPS/CaliberVaultII/src/components/__tests__/MobileBarcodeScanner.test.tsx"},{"assertionResults":[],"startTime":1762128779000,"endTime":1762128779000,"status":"failed","message":"Transform failed with 1 error:\n/Users/ghogue/Library/CloudStorage/OneDrive-InsightfulOutcomes,LLC/IS-LTD/APPS/CaliberVaultII/src/test/setup.ts:242:0: ERROR: Unexpected \"}\"","name":"/Users/ghogue/Library/CloudStorage/OneDrive-InsightfulOutcomes,LLC/IS-LTD/APPS/CaliberVaultII/src/components/__tests__/PhotoCapture.test.tsx"},{"assertionResults":[],"startTime":1762128779000,"endTime":1762128779000,"status":"failed","message":"Transform failed with 1 error:\n/Users/ghogue/Library/CloudStorage/OneDrive-InsightfulOutcomes,LLC/IS-LTD/APPS/CaliberVaultII/src/test/setup.ts:242:0: ERROR: Unexpected \"}\"","name":"/Users/ghogue/Library/CloudStorage/OneDrive-InsightfulOutcomes,LLC/IS-LTD/APPS/CaliberVaultII/src/components/__tests__/SmartInstallPrompt.test.tsx"},{"assertionResults":[],"startTime":1762128779000,"endTime":1762128779000,"status":"failed","message":"Transform failed with 1 error:\n/Users/ghogue/Library/CloudStorage/OneDrive-InsightfulOutcomes,LLC/IS-LTD/APPS/CaliberVaultII/src/test/setup.ts:242:0: ERROR: Unexpected \"}\"","name":"/Users/ghogue/Library/CloudStorage/OneDrive-InsightfulOutcomes,LLC/IS-LTD/APPS/CaliberVaultII/src/components/__tests__/SyncStatusDashboard.test.tsx"},{"assertionResults":[],"startTime":1762128779000,"endTime":1762128779000,"status":"failed","message":"Transform failed with 1 error:\n/Users/ghogue/Library/CloudStorage/OneDrive-InsightfulOutcomes,LLC/IS-LTD/APPS/CaliberVaultII/src/test/setup.ts:242:0: ERROR: Unexpected \"}\"","name":"/Users/ghogue/Library/CloudStorage/OneDrive-InsightfulOutcomes,LLC/IS-LTD/APPS/CaliberVaultII/src/components/__tests__/TierEnforcement.test.tsx"},{"assertionResults":[],"startTime":1762128779000,"endTime":1762128779000,"status":"failed","message":"Transform failed with 1 error:\n/Users/ghogue/Library/CloudStorage/OneDrive-InsightfulOutcomes,LLC/IS-LTD/APPS/CaliberVaultII/src/test/setup.ts:242:0: ERROR: Unexpected \"}\"","name":"/Users/ghogue/Library/CloudStorage/OneDrive-InsightfulOutcomes,LLC/IS-LTD/APPS/CaliberVaultII/src/hooks/__tests__/useInventoryFilters.enhanced.test.ts"},{"assertionResults":[],"startTime":1762128779000,"endTime":1762128779000,"status":"failed","message":"Transform failed with 1 error:\n/Users/ghogue/Library/CloudStorage/OneDrive-InsightfulOutcomes,LLC/IS-LTD/APPS/CaliberVaultII/src/test/setup.ts:242:0: ERROR: Unexpected \"}\"","name":"/Users/ghogue/Library/CloudStorage/OneDrive-InsightfulOutcomes,LLC/IS-LTD/APPS/CaliberVaultII/src/hooks/__tests__/useInventoryFilters.test.ts"},{"assertionResults":[],"startTime":1762128779000,"endTime":1762128779000,"status":"failed","message":"Transform failed with 1 error:\n/Users/ghogue/Library/CloudStorage/OneDrive-InsightfulOutcomes,LLC/IS-LTD/APPS/CaliberVaultII/src/test/setup.ts:242:0: ERROR: Unexpected \"}\"","name":"/Users/ghogue/Library/CloudStorage/OneDrive-InsightfulOutcomes,LLC/IS-LTD/APPS/CaliberVaultII/src/hooks/__tests__/useOfflineSync.test.ts"},{"assertionResults":[],"startTime":1762128779000,"endTime":1762128779000,"status":"failed","message":"Transform failed with 1 error:\n/Users/ghogue/Library/CloudStorage/OneDrive-InsightfulOutcomes,LLC/IS-LTD/APPS/CaliberVaultII/src/test/setup.ts:242:0: ERROR: Unexpected \"}\"","name":"/Users/ghogue/Library/CloudStorage/OneDrive-InsightfulOutcomes,LLC/IS-LTD/APPS/CaliberVaultII/src/hooks/__tests__/usePullToRefresh.test.ts"},{"assertionResults":[],"startTime":1762128779000,"endTime":1762128779000,"status":"failed","message":"Transform failed with 1 error:\n/Users/ghogue/Library/CloudStorage/OneDrive-InsightfulOutcomes,LLC/IS-LTD/APPS/CaliberVaultII/src/test/setup.ts:242:0: ERROR: Unexpected \"}\"","name":"/Users/ghogue/Library/CloudStorage/OneDrive-InsightfulOutcomes,LLC/IS-LTD/APPS/CaliberVaultII/src/hooks/__tests__/useSubscription.test.ts"},{"assertionResults":[],"startTime":1762128779000,"endTime":1762128779000,"status":"failed","message":"Transform failed with 1 error:\n/Users/ghogue/Library/CloudStorage/OneDrive-InsightfulOutcomes,LLC/IS-LTD/APPS/CaliberVaultII/src/test/setup.ts:242:0: ERROR: Unexpected \"}\"","name":"/Users/ghogue/Library/CloudStorage/OneDrive-InsightfulOutcomes,LLC/IS-LTD/APPS/CaliberVaultII/src/hooks/__tests__/useSwipeGesture.test.ts"},{"assertionResults":[],"startTime":1762128779000,"endTime":1762128779000,"status":"failed","message":"Transform failed with 1 error:\n/Users/ghogue/Library/CloudStorage/OneDrive-InsightfulOutcomes,LLC/IS-LTD/APPS/CaliberVaultII/src/test/setup.ts:242:0: ERROR: Unexpected \"}\"","name":"/Users/ghogue/Library/CloudStorage/OneDrive-InsightfulOutcomes,LLC/IS-LTD/APPS/CaliberVaultII/src/lib/__tests__/barcodeCache.test.ts"},{"assertionResults":[],"startTime":1762128779000,"endTime":1762128779000,"status":"failed","message":"Transform failed with 1 error:\n/Users/ghogue/Library/CloudStorage/OneDrive-InsightfulOutcomes,LLC/IS-LTD/APPS/CaliberVaultII/src/test/setup.ts:242:0: ERROR: Unexpected \"}\"","name":"/Users/ghogue/Library/CloudStorage/OneDrive-InsightfulOutcomes,LLC/IS-LTD/APPS/CaliberVaultII/src/lib/__tests__/errorHandler.test.ts"},{"assertionResults":[],"startTime":1762128779000,"endTime":1762128779000,"status":"failed","message":"Transform failed with 1 error:\n/Users/ghogue/Library/CloudStorage/OneDrive-InsightfulOutcomes,LLC/IS-LTD/APPS/CaliberVaultII/src/test/setup.ts:242:0: ERROR: Unexpected \"}\"","name":"/Users/ghogue/Library/CloudStorage/OneDrive-InsightfulOutcomes,LLC/IS-LTD/APPS/CaliberVaultII/src/lib/__tests__/formatters.test.ts"},{"assertionResults":[],"startTime":1762128779000,"endTime":1762128779000,"status":"failed","message":"Transform failed with 1 error:\n/Users/ghogue/Library/CloudStorage/OneDrive-InsightfulOutcomes,LLC/IS-LTD/APPS/CaliberVaultII/src/test/setup.ts:242:0: ERROR: Unexpected \"}\"","name":"/Users/ghogue/Library/CloudStorage/OneDrive-InsightfulOutcomes,LLC/IS-LTD/APPS/CaliberVaultII/src/lib/__tests__/validation.test.ts"},{"assertionResults":[],"startTime":1762128779000,"endTime":1762128779000,"status":"failed","message":"Transform failed with 1 error:\n/Users/ghogue/Library/CloudStorage/OneDrive-InsightfulOutcomes,LLC/IS-LTD/APPS/CaliberVaultII/src/test/setup.ts:242:0: ERROR: Unexpected \"}\"","name":"/Users/ghogue/Library/CloudStorage/OneDrive-InsightfulOutcomes,LLC/IS-LTD/APPS/CaliberVaultII/src/services/__tests__/barcode.service.comprehensive.test.ts"},{"assertionResults":[],"startTime":1762128779000,"endTime":1762128779000,"status":"failed","message":"Transform failed with 1 error:\n/Users/ghogue/Library/CloudStorage/OneDrive-InsightfulOutcomes,LLC/IS-LTD/APPS/CaliberVaultII/src/test/setup.ts:242:0: ERROR: Unexpected \"}\"","name":"/Users/ghogue/Library/CloudStorage/OneDrive-InsightfulOutcomes,LLC/IS-LTD/APPS/CaliberVaultII/src/services/__tests__/barcode.service.test.ts"},{"assertionResults":[],"startTime":1762128779000,"endTime":1762128779000,"status":"failed","message":"Transform failed with 1 error:\n/Users/ghogue/Library/CloudStorage/OneDrive-InsightfulOutcomes,LLC/IS-LTD/APPS/CaliberVaultII/src/test/setup.ts:242:0: ERROR: Unexpected \"}\"","name":"/Users/ghogue/Library/CloudStorage/OneDrive-InsightfulOutcomes,LLC/IS-LTD/APPS/CaliberVaultII/src/services/__tests__/categoryServices.comprehensive.test.ts"},{"assertionResults":[],"startTime":1762128779000,"endTime":1762128779000,"status":"failed","message":"Transform failed with 1 error:\n/Users/ghogue/Library/CloudStorage/OneDrive-InsightfulOutcomes,LLC/IS-LTD/APPS/CaliberVaultII/src/test/setup.ts:242:0: ERROR: Unexpected \"}\"","name":"/Users/ghogue/Library/CloudStorage/OneDrive-InsightfulOutcomes,LLC/IS-LTD/APPS/CaliberVaultII/src/services/__tests__/categoryServices.test.ts"},{"assertionResults":[],"startTime":1762128779000,"endTime":1762128779000,"status":"failed","message":"Transform failed with 1 error:\n/Users/ghogue/Library/CloudStorage/OneDrive-InsightfulOutcomes,LLC/IS-LTD/APPS/CaliberVaultII/src/test/setup.ts:242:0: ERROR: Unexpected \"}\"","name":"/Users/ghogue/Library/CloudStorage/OneDrive-InsightfulOutcomes,LLC/IS-LTD/APPS/CaliberVaultII/src/services/__tests__/inventory.service.enhanced.test.ts"},{"assertionResults":[],"startTime":1762128779000,"endTime":1762128779000,"status":"failed","message":"Transform failed with 1 error:\n/Users/ghogue/Library/CloudStorage/OneDrive-InsightfulOutcomes,LLC/IS-LTD/APPS/CaliberVaultII/src/test/setup.ts:242:0: ERROR: Unexpected \"}\"","name":"/Users/ghogue/Library/CloudStorage/OneDrive-InsightfulOutcomes,LLC/IS-LTD/APPS/CaliberVaultII/src/services/__tests__/inventory.service.test.ts"},{"assertionResults":[],"startTime":1762128779000,"endTime":1762128779000,"status":"failed","message":"Transform failed with 1 error:\n/Users/ghogue/Library/CloudStorage/OneDrive-InsightfulOutcomes,LLC/IS-LTD/APPS/CaliberVaultII/src/test/setup.ts:242:0: ERROR: Unexpected \"}\"","name":"/Users/ghogue/Library/CloudStorage/OneDrive-InsightfulOutcomes,LLC/IS-LTD/APPS/CaliberVaultII/src/services/__tests__/reference.service.test.ts"},{"assertionResults":[],"startTime":1762128779000,"endTime":1762128779000,"status":"failed","message":"Transform failed with 1 error:\n/Users/ghogue/Library/CloudStorage/OneDrive-InsightfulOutcomes,LLC/IS-LTD/APPS/CaliberVaultII/src/test/setup.ts:242:0: ERROR: Unexpected \"}\"","name":"/Users/ghogue/Library/CloudStorage/OneDrive-InsightfulOutcomes,LLC/IS-LTD/APPS/CaliberVaultII/src/services/__tests__/reports.service.test.ts"},{"assertionResults":[],"startTime":1762128779000,"endTime":1762128779000,"status":"failed","message":"Transform failed with 1 error:\n/Users/ghogue/Library/CloudStorage/OneDrive-InsightfulOutcomes,LLC/IS-LTD/APPS/CaliberVaultII/src/test/setup.ts:242:0: ERROR: Unexpected \"}\"","name":"/Users/ghogue/Library/CloudStorage/OneDrive-InsightfulOutcomes,LLC/IS-LTD/APPS/CaliberVaultII/src/services/__tests__/storage.service.test.ts"},{"assertionResults":[],"startTime":1762128779000,"endTime":1762128779000,"status":"failed","message":"Transform failed with 1 error:\n/Users/ghogue/Library/CloudStorage/OneDrive-InsightfulOutcomes,LLC/IS-LTD/APPS/CaliberVaultII/src/test/setup.ts:242:0: ERROR: Unexpected \"}\"","name":"/Users/ghogue/Library/CloudStorage/OneDrive-InsightfulOutcomes,LLC/IS-LTD/APPS/CaliberVaultII/src/services/__tests__/sync.service.test.ts"},{"assertionResults":[],"startTime":1762128779000,"endTime":1762128779000,"status":"failed","message":"Transform failed with 1 error:\n/Users/ghogue/Library/CloudStorage/OneDrive-InsightfulOutcomes,LLC/IS-LTD/APPS/CaliberVaultII/src/test/setup.ts:242:0: ERROR: Unexpected \"}\"","name":"/Users/ghogue/Library/CloudStorage/OneDrive-InsightfulOutcomes,LLC/IS-LTD/APPS/CaliberVaultII/src/services/__tests__/team.service.test.ts"},{"assertionResults":[],"startTime":1762128779000,"endTime":1762128779000,"status":"failed","message":"Transform failed with 1 error:\n/Users/ghogue/Library/CloudStorage/OneDrive-InsightfulOutcomes,LLC/IS-LTD/APPS/CaliberVaultII/src/test/setup.ts:242:0: ERROR: Unexpected \"}\"","name":"/Users/ghogue/Library/CloudStorage/OneDrive-InsightfulOutcomes,LLC/IS-LTD/APPS/CaliberVaultII/src/test/accessibility/accessibility.spec.ts"},{"assertionResults":[],"startTime":1762128779000,"endTime":1762128779000,"status":"failed","message":"Transform failed with 1 error:\n/Users/ghogue/Library/CloudStorage/OneDrive-InsightfulOutcomes,LLC/IS-LTD/APPS/CaliberVaultII/src/test/setup.ts:242:0: ERROR: Unexpected \"}\"","name":"/Users/ghogue/Library/CloudStorage/OneDrive-InsightfulOutcomes,LLC/IS-LTD/APPS/CaliberVaultII/src/test/e2e/addItem.spec.ts"},{"assertionResults":[],"startTime":1762128779000,"endTime":1762128779000,"status":"failed","message":"Transform failed with 1 error:\n/Users/ghogue/Library/CloudStorage/OneDrive-InsightfulOutcomes,LLC/IS-LTD/APPS/CaliberVaultII/src/test/setup.ts:242:0: ERROR: Unexpected \"}\"","name":"/Users/ghogue/Library/CloudStorage/OneDrive-InsightfulOutcomes,LLC/IS-LTD/APPS/CaliberVaultII/src/test/e2e/aiValuation.spec.ts"},{"assertionResults":[],"startTime":1762128779000,"endTime":1762128779000,"status":"failed","message":"Transform failed with 1 error:\n/Users/ghogue/Library/CloudStorage/OneDrive-InsightfulOutcomes,LLC/IS-LTD/APPS/CaliberVaultII/src/test/setup.ts:242:0: ERROR: Unexpected \"}\"","name":"/Users/ghogue/Library/CloudStorage/OneDrive-InsightfulOutcomes,LLC/IS-LTD/APPS/CaliberVaultII/src/test/e2e/all-11-categories-complete.spec.ts"},{"assertionResults":[],"startTime":1762128779000,"endTime":1762128779000,"status":"failed","message":"Transform failed with 1 error:\n/Users/ghogue/Library/CloudStorage/OneDrive-InsightfulOutcomes,LLC/IS-LTD/APPS/CaliberVaultII/src/test/setup.ts:242:0: ERROR: Unexpected \"}\"","name":"/Users/ghogue/Library/CloudStorage/OneDrive-InsightfulOutcomes,LLC/IS-LTD/APPS/CaliberVaultII/src/test/e2e/all-categories.spec.ts"},{"assertionResults":[],"startTime":1762128779000,"endTime":1762128779000,"status":"failed","message":"Transform failed with 1 error:\n/Users/ghogue/Library/CloudStorage/OneDrive-InsightfulOutcomes,LLC/IS-LTD/APPS/CaliberVaultII/src/test/setup.ts:242:0: ERROR: Unexpected \"}\"","name":"/Users/ghogue/Library/CloudStorage/OneDrive-InsightfulOutcomes,LLC/IS-LTD/APPS/CaliberVaultII/src/test/e2e/auth.spec.ts"},{"assertionResults":[],"startTime":1762128779000,"endTime":1762128779000,"status":"failed","message":"Transform failed with 1 error:\n/Users/ghogue/Library/CloudStorage/OneDrive-InsightfulOutcomes,LLC/IS-LTD/APPS/CaliberVaultII/src/test/setup.ts:242:0: ERROR: Unexpected \"}\"","name":"/Users/ghogue/Library/CloudStorage/OneDrive-InsightfulOutcomes,LLC/IS-LTD/APPS/CaliberVaultII/src/test/e2e/authentication.spec.ts"},{"assertionResults":[],"startTime":1762128779000,"endTime":1762128779000,"status":"failed","message":"Transform failed with 1 error:\n/Users/ghogue/Library/CloudStorage/OneDrive-InsightfulOutcomes,LLC/IS-LTD/APPS/CaliberVaultII/src/test/setup.ts:242:0: ERROR: Unexpected \"}\"","name":"/Users/ghogue/Library/CloudStorage/OneDrive-InsightfulOutcomes,LLC/IS-LTD/APPS/CaliberVaultII/src/test/e2e/barcode-scanning.spec.ts"},{"assertionResults":[],"startTime":1762128779000,"endTime":1762128779000,"status":"failed","message":"Transform failed with 1 error:\n/Users/ghogue/Library/CloudStorage/OneDrive-InsightfulOutcomes,LLC/IS-LTD/APPS/CaliberVaultII/src/test/setup.ts:242:0: ERROR: Unexpected \"}\"","name":"/Users/ghogue/Library/CloudStorage/OneDrive-InsightfulOutcomes,LLC/IS-LTD/APPS/CaliberVaultII/src/test/e2e/bulkImport.spec.ts"},{"assertionResults":[],"startTime":1762128779000,"endTime":1762128779000,"status":"failed","message":"Transform failed with 1 error:\n/Users/ghogue/Library/CloudStorage/OneDrive-InsightfulOutcomes,LLC/IS-LTD/APPS/CaliberVaultII/src/test/setup.ts:242:0: ERROR: Unexpected \"}\"","name":"/Users/ghogue/Library/CloudStorage/OneDrive-InsightfulOutcomes,LLC/IS-LTD/APPS/CaliberVaultII/src/test/e2e/category-filters.spec.ts"},{"assertionResults":[],"startTime":1762128779000,"endTime":1762128779000,"status":"failed","message":"Transform failed with 1 error:\n/Users/ghogue/Library/CloudStorage/OneDrive-InsightfulOutcomes,LLC/IS-LTD/APPS/CaliberVaultII/src/test/setup.ts:242:0: ERROR: Unexpected \"}\"","name":"/Users/ghogue/Library/CloudStorage/OneDrive-InsightfulOutcomes,LLC/IS-LTD/APPS/CaliberVaultII/src/test/e2e/comprehensive-categories.spec.ts"},{"assertionResults":[],"startTime":1762128779000,"endTime":1762128779000,"status":"failed","message":"Transform failed with 1 error:\n/Users/ghogue/Library/CloudStorage/OneDrive-InsightfulOutcomes,LLC/IS-LTD/APPS/CaliberVaultII/src/test/setup.ts:242:0: ERROR: Unexpected \"}\"","name":"/Users/ghogue/Library/CloudStorage/OneDrive-InsightfulOutcomes,LLC/IS-LTD/APPS/CaliberVaultII/src/test/e2e/comprehensive-crud-all-categories.spec.ts"},{"assertionResults":[],"startTime":1762128779000,"endTime":1762128779000,"status":"failed","message":"Transform failed with 1 error:\n/Users/ghogue/Library/CloudStorage/OneDrive-InsightfulOutcomes,LLC/IS-LTD/APPS/CaliberVaultII/src/test/setup.ts:242:0: ERROR: Unexpected \"}\"","name":"/Users/ghogue/Library/CloudStorage/OneDrive-InsightfulOutcomes,LLC/IS-LTD/APPS/CaliberVaultII/src/test/e2e/comprehensive-inventory-crud.spec.ts"},{"assertionResults":[],"startTime":1762128779000,"endTime":1762128779000,"status":"failed","message":"Transform failed with 1 error:\n/Users/ghogue/Library/CloudStorage/OneDrive-InsightfulOutcomes,LLC/IS-LTD/APPS/CaliberVaultII/src/test/setup.ts:242:0: ERROR: Unexpected \"}\"","name":"/Users/ghogue/Library/CloudStorage/OneDrive-InsightfulOutcomes,LLC/IS-LTD/APPS/CaliberVaultII/src/test/e2e/comprehensive-user-flows.spec.ts"},{"assertionResults":[],"startTime":1762128779000,"endTime":1762128779000,"status":"failed","message":"Transform failed with 1 error:\n/Users/ghogue/Library/CloudStorage/OneDrive-InsightfulOutcomes,LLC/IS-LTD/APPS/CaliberVaultII/src/test/setup.ts:242:0: ERROR: Unexpected \"}\"","name":"/Users/ghogue/Library/CloudStorage/OneDrive-InsightfulOutcomes,LLC/IS-LTD/APPS/CaliberVaultII/src/test/e2e/comprehensive.spec.ts"},{"assertionResults":[],"startTime":1762128779000,"endTime":1762128779000,"status":"failed","message":"Transform failed with 1 error:\n/Users/ghogue/Library/CloudStorage/OneDrive-InsightfulOutcomes,LLC/IS-LTD/APPS/CaliberVaultII/src/test/setup.ts:242:0: ERROR: Unexpected \"}\"","name":"/Users/ghogue/Library/CloudStorage/OneDrive-InsightfulOutcomes,LLC/IS-LTD/APPS/CaliberVaultII/src/test/e2e/editItem.spec.ts"},{"assertionResults":[],"startTime":1762128779000,"endTime":1762128779000,"status":"failed","message":"Transform failed with 1 error:\n/Users/ghogue/Library/CloudStorage/OneDrive-InsightfulOutcomes,LLC/IS-LTD/APPS/CaliberVaultII/src/test/setup.ts:242:0: ERROR: Unexpected \"}\"","name":"/Users/ghogue/Library/CloudStorage/OneDrive-InsightfulOutcomes,LLC/IS-LTD/APPS/CaliberVaultII/src/test/e2e/export.spec.ts"},{"assertionResults":[],"startTime":1762128779000,"endTime":1762128779000,"status":"failed","message":"Transform failed with 1 error:\n/Users/ghogue/Library/CloudStorage/OneDrive-InsightfulOutcomes,LLC/IS-LTD/APPS/CaliberVaultII/src/test/setup.ts:242:0: ERROR: Unexpected \"}\"","name":"/Users/ghogue/Library/CloudStorage/OneDrive-InsightfulOutcomes,LLC/IS-LTD/APPS/CaliberVaultII/src/test/e2e/filtering-and-search.spec.ts"},{"assertionResults":[],"startTime":1762128779000,"endTime":1762128779000,"status":"failed","message":"Transform failed with 1 error:\n/Users/ghogue/Library/CloudStorage/OneDrive-InsightfulOutcomes,LLC/IS-LTD/APPS/CaliberVaultII/src/test/setup.ts:242:0: ERROR: Unexpected \"}\"","name":"/Users/ghogue/Library/CloudStorage/OneDrive-InsightfulOutcomes,LLC/IS-LTD/APPS/CaliberVaultII/src/test/e2e/inventory-crud.spec.ts"},{"assertionResults":[],"startTime":1762128779000,"endTime":1762128779000,"status":"failed","message":"Transform failed with 1 error:\n/Users/ghogue/Library/CloudStorage/OneDrive-InsightfulOutcomes,LLC/IS-LTD/APPS/CaliberVaultII/src/test/setup.ts:242:0: ERROR: Unexpected \"}\"","name":"/Users/ghogue/Library/CloudStorage/OneDrive-InsightfulOutcomes,LLC/IS-LTD/APPS/CaliberVaultII/src/test/e2e/mobile-features.spec.ts"},{"assertionResults":[],"startTime":1762128779000,"endTime":1762128779000,"status":"failed","message":"Transform failed with 1 error:\n/Users/ghogue/Library/CloudStorage/OneDrive-InsightfulOutcomes,LLC/IS-LTD/APPS/CaliberVaultII/src/test/setup.ts:242:0: ERROR: Unexpected \"}\"","name":"/Users/ghogue/Library/CloudStorage/OneDrive-InsightfulOutcomes,LLC/IS-LTD/APPS/CaliberVaultII/src/test/e2e/search-filter.spec.ts"},{"assertionResults":[],"startTime":1762128779000,"endTime":1762128779000,"status":"failed","message":"Transform failed with 1 error:\n/Users/ghogue/Library/CloudStorage/OneDrive-InsightfulOutcomes,LLC/IS-LTD/APPS/CaliberVaultII/src/test/setup.ts:242:0: ERROR: Unexpected \"}\"","name":"/Users/ghogue/Library/CloudStorage/OneDrive-InsightfulOutcomes,LLC/IS-LTD/APPS/CaliberVaultII/src/test/e2e/subscription-tiers.spec.ts"},{"assertionResults":[],"startTime":1762128779000,"endTime":1762128779000,"status":"failed","message":"Transform failed with 1 error:\n/Users/ghogue/Library/CloudStorage/OneDrive-InsightfulOutcomes,LLC/IS-LTD/APPS/CaliberVaultII/src/test/setup.ts:242:0: ERROR: Unexpected \"}\"","name":"/Users/ghogue/Library/CloudStorage/OneDrive-InsightfulOutcomes,LLC/IS-LTD/APPS/CaliberVaultII/src/test/e2e/team-collaboration.spec.ts"},{"assertionResults":[],"startTime":1762128779000,"endTime":1762128779000,"status":"failed","message":"Transform failed with 1 error:\n/Users/ghogue/Library/CloudStorage/OneDrive-InsightfulOutcomes,LLC/IS-LTD/APPS/CaliberVaultII/src/test/setup.ts:242:0: ERROR: Unexpected \"}\"","name":"/Users/ghogue/Library/CloudStorage/OneDrive-InsightfulOutcomes,LLC/IS-LTD/APPS/CaliberVaultII/src/test/integration/api.test.ts"},{"assertionResults":[],"startTime":1762128779000,"endTime":1762128779000,"status":"failed","message":"Transform failed with 1 error:\n/Users/ghogue/Library/CloudStorage/OneDrive-InsightfulOutcomes,LLC/IS-LTD/APPS/CaliberVaultII/src/test/setup.ts:242:0: ERROR: Unexpected \"}\"","name":"/Users/ghogue/Library/CloudStorage/OneDrive-InsightfulOutcomes,LLC/IS-LTD/APPS/CaliberVaultII/src/test/integration/comprehensive-categories.test.ts"},{"assertionResults":[],"startTime":1762128779000,"endTime":1762128779000,"status":"failed","message":"Transform failed with 1 error:\n/Users/ghogue/Library/CloudStorage/OneDrive-InsightfulOutcomes,LLC/IS-LTD/APPS/CaliberVaultII/src/test/setup.ts:242:0: ERROR: Unexpected \"}\"","name":"/Users/ghogue/Library/CloudStorage/OneDrive-InsightfulOutcomes,LLC/IS-LTD/APPS/CaliberVaultII/src/test/integration/data-migration.test.ts"},{"assertionResults":[],"startTime":1762128779000,"endTime":1762128779000,"status":"failed","message":"Transform failed with 1 error:\n/Users/ghogue/Library/CloudStorage/OneDrive-InsightfulOutcomes,LLC/IS-LTD/APPS/CaliberVaultII/src/test/setup.ts:242:0: ERROR: Unexpected \"}\"","name":"/Users/ghogue/Library/CloudStorage/OneDrive-InsightfulOutcomes,LLC/IS-LTD/APPS/CaliberVaultII/src/test/performance/load-testing.spec.ts"},{"assertionResults":[],"startTime":1762128779000,"endTime":1762128779000,"status":"failed","message":"Transform failed with 1 error:\n/Users/ghogue/Library/CloudStorage/OneDrive-InsightfulOutcomes,LLC/IS-LTD/APPS/CaliberVaultII/src/test/setup.ts:242:0: ERROR: Unexpected \"}\"","name":"/Users/ghogue/Library/CloudStorage/OneDrive-InsightfulOutcomes,LLC/IS-LTD/APPS/CaliberVaultII/src/test/performance/performance.spec.ts"},{"assertionResults":[],"startTime":1762128779000,"endTime":1762128779000,"status":"failed","message":"Transform failed with 1 error:\n/Users/ghogue/Library/CloudStorage/OneDrive-InsightfulOutcomes,LLC/IS-LTD/APPS/CaliberVaultII/src/test/setup.ts:242:0: ERROR: Unexpected \"}\"","name":"/Users/ghogue/Library/CloudStorage/OneDrive-InsightfulOutcomes,LLC/IS-LTD/APPS/CaliberVaultII/src/test/security/security.spec.ts"},{"assertionResults":[],"startTime":1762128779000,"endTime":1762128779000,"status":"failed","message":"Transform failed with 1 error:\n/Users/ghogue/Library/CloudStorage/OneDrive-InsightfulOutcomes,LLC/IS-LTD/APPS/CaliberVaultII/src/test/setup.ts:242:0: ERROR: Unexpected \"}\"","name":"/Users/ghogue/Library/CloudStorage/OneDrive-InsightfulOutcomes,LLC/IS-LTD/APPS/CaliberVaultII/src/test/visual/visual-regression.spec.ts"},{"assertionResults":[],"startTime":1762128779000,"endTime":1762128779000,"status":"failed","message":"Transform failed with 1 error:\n/Users/ghogue/Library/CloudStorage/OneDrive-InsightfulOutcomes,LLC/IS-LTD/APPS/CaliberVaultII/src/test/setup.ts:242:0: ERROR: Unexpected \"}\"","name":"/Users/ghogue/Library/CloudStorage/OneDrive-InsightfulOutcomes,LLC/IS-LTD/APPS/CaliberVaultII/src/test/visual/visual-tests.spec.ts"},{"assertionResults":[],"startTime":1762128779000,"endTime":1762128779000,"status":"failed","message":"Transform failed with 1 error:\n/Users/ghogue/Library/CloudStorage/OneDrive-InsightfulOutcomes,LLC/IS-LTD/APPS/CaliberVaultII/src/test/setup.ts:242:0: ERROR: Unexpected \"}\"","name":"/Users/ghogue/Library/CloudStorage/OneDrive-InsightfulOutcomes,LLC/IS-LTD/APPS/CaliberVaultII/src/utils/__tests__/barcodeUtils.test.ts"},{"assertionResults":[],"startTime":1762128779000,"endTime":1762128779000,"status":"failed","message":"Transform failed with 1 error:\n/Users/ghogue/Library/CloudStorage/OneDrive-InsightfulOutcomes,LLC/IS-LTD/APPS/CaliberVaultII/src/test/setup.ts:242:0: ERROR: Unexpected \"}\"","name":"/Users/ghogue/Library/CloudStorage/OneDrive-InsightfulOutcomes,LLC/IS-LTD/APPS/CaliberVaultII/src/utils/__tests__/csvParser.test.ts"},{"assertionResults":[],"startTime":1762128779000,"endTime":1762128779000,"status":"failed","message":"Transform failed with 1 error:\n/Users/ghogue/Library/CloudStorage/OneDrive-InsightfulOutcomes,LLC/IS-LTD/APPS/CaliberVaultII/src/test/setup.ts:242:0: ERROR: Unexpected \"}\"","name":"/Users/ghogue/Library/CloudStorage/OneDrive-InsightfulOutcomes,LLC/IS-LTD/APPS/CaliberVaultII/src/utils/__tests__/csvValidator.test.ts"},{"assertionResults":[],"startTime":1762128779000,"endTime":1762128779000,"status":"failed","message":"Transform failed with 1 error:\n/Users/ghogue/Library/CloudStorage/OneDrive-InsightfulOutcomes,LLC/IS-LTD/APPS/CaliberVaultII/src/test/setup.ts:242:0: ERROR: Unexpected \"}\"","name":"/Users/ghogue/Library/CloudStorage/OneDrive-InsightfulOutcomes,LLC/IS-LTD/APPS/CaliberVaultII/src/services/api/__tests__/InventoryAPIService.test.ts"},{"assertionResults":[],"startTime":1762128779000,"endTime":1762128779000,"status":"failed","message":"Transform failed with 1 error:\n/Users/ghogue/Library/CloudStorage/OneDrive-InsightfulOutcomes,LLC/IS-LTD/APPS/CaliberVaultII/src/test/setup.ts:242:0: ERROR: Unexpected \"}\"","name":"/Users/ghogue/Library/CloudStorage/OneDrive-InsightfulOutcomes,LLC/IS-LTD/APPS/CaliberVaultII/src/services/category/__tests__/AllCategories.test.ts"},{"assertionResults":[],"startTime":1762128779000,"endTime":1762128779000,"status":"failed","message":"Transform failed with 1 error:\n/Users/ghogue/Library/CloudStorage/OneDrive-InsightfulOutcomes,LLC/IS-LTD/APPS/CaliberVaultII/src/test/setup.ts:242:0: ERROR: Unexpected \"}\"","name":"/Users/ghogue/Library/CloudStorage/OneDrive-InsightfulOutcomes,LLC/IS-LTD/APPS/CaliberVaultII/src/services/category/__tests__/AmmunitionService.test.ts"},{"assertionResults":[],"startTime":1762128779000,"endTime":1762128779000,"status":"failed","message":"Transform failed with 1 error:\n/Users/ghogue/Library/CloudStorage/OneDrive-InsightfulOutcomes,LLC/IS-LTD/APPS/CaliberVaultII/src/test/setup.ts:242:0: ERROR: Unexpected \"}\"","name":"/Users/ghogue/Library/CloudStorage/OneDrive-InsightfulOutcomes,LLC/IS-LTD/APPS/CaliberVaultII/src/services/category/__tests__/FirearmsService.test.ts"},{"assertionResults":[],"startTime":1762128779000,"endTime":1762128779000,"status":"failed","message":"Transform failed with 1 error:\n/Users/ghogue/Library/CloudStorage/OneDrive-InsightfulOutcomes,LLC/IS-LTD/APPS/CaliberVaultII/src/test/setup.ts:242:0: ERROR: Unexpected \"}\"","name":"/Users/ghogue/Library/CloudStorage/OneDrive-InsightfulOutcomes,LLC/IS-LTD/APPS/CaliberVaultII/src/services/inventory/__tests__/BatchOperationsService.test.ts"},{"assertionResults":[],"startTime":1762128779000,"endTime":1762128779000,"status":"failed","message":"Transform failed with 1 error:\n/Users/ghogue/Library/CloudStorage/OneDrive-InsightfulOutcomes,LLC/IS-LTD/APPS/CaliberVaultII/src/test/setup.ts:242:0: ERROR: Unexpected \"}\"","name":"/Users/ghogue/Library/CloudStorage/OneDrive-InsightfulOutcomes,LLC/IS-LTD/APPS/CaliberVaultII/src/services/inventory/__tests__/ModalIntegrationService.test.ts"},{"assertionResults":[],"startTime":1762128779000,"endTime":1762128779000,"status":"failed","message":"Transform failed with 1 error:\n/Users/ghogue/Library/CloudStorage/OneDrive-InsightfulOutcomes,LLC/IS-LTD/APPS/CaliberVaultII/src/test/setup.ts:242:0: ERROR: Unexpected \"}\"","name":"/Users/ghogue/Library/CloudStorage/OneDrive-InsightfulOutcomes,LLC/IS-LTD/APPS/CaliberVaultII/src/services/security/__tests__/SecurityService.test.ts"}]}
